
      =====================================================================================================
      Config file ".\scully.kumar-world-frontend.config.ts" not found, only rendering routes without parameters
      The config file should have a name that is formated as:
          scully.<projectName>.config.ts
      where <projectName> is the name of the project as defined in the 'angular.json' file
      If you meant to build a different project as kumar-world-frontend you can use:
          --project differentProjectName as a cmd line option

      When you are in a mixed mono-repo you might need to use the --pjFirst flag.
       which will look for package.json instead of angular.json to find the 'root' of the project.
    =====================================================================================================
The option outDir isn't configured, using default folder ".\dist\static\". Deprication Notice:
       ======================================================================
         From now on, the plugin that is being used to render a route is
         able to be changed by the user. You can do this by adding or
         enabling the plugin in the scully.json file. For your convenience,
         we loaded the Puppeteer plugin for you.

         To disable this warning enable the plugin of your choice.
         for Puppteer please add:
             import '@scullyio/scully-plugin-puppeteer';
          to your scully.kumar-world-frontend.config.ts file.

          When you get this warning while not using scully-plugin-puppeteer
          you need to set the defaultRouteRenderer to the name of your plugin.
          The defaultRouteRenderer is now set to 'routeRenderer'.
       ======================================================================No routes defined in ""



(You can skip this, or any future question by using the --noPrompt flag)
No configuration for route "/project/:projectId" found. SkippingNo configuration for route "/event-detail/:eventId" found. SkippingNo configuration for route "/blog/:blogId" found. Skipping



      =====================================================================================================
      Config file ".\scully.kumar-world-frontend.config.ts" not found, only rendering routes without parameters
      The config file should have a name that is formated as:
          scully.<projectName>.config.ts
      where <projectName> is the name of the project as defined in the 'angular.json' file
      If you meant to build a different project as kumar-world-frontend you can use:
          --project differentProjectName as a cmd line option

      When you are in a mixed mono-repo you might need to use the --pjFirst flag.
       which will look for package.json instead of angular.json to find the 'root' of the project.
    =====================================================================================================
The option outDir isn't configured, using default folder ".\dist\static\".No routes defined in "" Deprication Notice:
       ======================================================================
         From now on, the plugin that is being used to render a route is
         able to be changed by the user. You can do this by adding or
         enabling the plugin in the scully.json file. For your convenience,
         we loaded the Puppeteer plugin for you.

         To disable this warning enable the plugin of your choice.
         for Puppteer please add:
             import '@scullyio/scully-plugin-puppeteer';
          to your scully.kumar-world-frontend.config.ts file.

          When you get this warning while not using scully-plugin-puppeteer
          you need to set the defaultRouteRenderer to the name of your plugin.
          The defaultRouteRenderer is now set to 'routeRenderer'.
       ======================================================================



----------------------------------   To discover new routes in the angular app use "npm run scully -- --scanRoutes"----------------------------------No configuration for route "/project/:projectId" found. SkippingUsing stored unhandled routes!.No configuration for route "/event-detail/:eventId" found. SkippingNo configuration for route "/blog/:blogId" found. Skipping






Puppeteer error while rendering "/projects"
TimeoutError: Navigation timeout of 30000 ms exceeded
 we will retry rendering this page up to 3 times.
Puppeteer error while rendering ""
TimeoutError: Navigation timeout of 30000 ms exceeded
 we will retry rendering this page up to 3 times.
Puppeteer error while rendering ""
TimeoutError: Navigation timeout of 30000 ms exceeded
 we will retry rendering this page up to 3 times.
Puppeteer error while rendering "/projects"
TimeoutError: Navigation timeout of 30000 ms exceeded
 we will retry rendering this page up to 3 times.

      =====================================================================================================
      Config file ".\scully.kumar-world-frontend.config.ts" not found, only rendering routes without parameters
      The config file should have a name that is formated as:
          scully.<projectName>.config.ts
      where <projectName> is the name of the project as defined in the 'angular.json' file
      If you meant to build a different project as kumar-world-frontend you can use:
          --project differentProjectName as a cmd line option

      When you are in a mixed mono-repo you might need to use the --pjFirst flag.
       which will look for package.json instead of angular.json to find the 'root' of the project.
    =====================================================================================================
The option outDir isn't configured, using default folder ".\dist\static\".No routes defined in "" Deprication Notice:
       ======================================================================
         From now on, the plugin that is being used to render a route is
         able to be changed by the user. You can do this by adding or
         enabling the plugin in the scully.json file. For your convenience,
         we loaded the Puppeteer plugin for you.

         To disable this warning enable the plugin of your choice.
         for Puppteer please add:
             import '@scullyio/scully-plugin-puppeteer';
          to your scully.kumar-world-frontend.config.ts file.

          When you get this warning while not using scully-plugin-puppeteer
          you need to set the defaultRouteRenderer to the name of your plugin.
          The defaultRouteRenderer is now set to 'routeRenderer'.
       ======================================================================



----------------------------------Using stored unhandled routes!.   To discover new routes in the angular app use "npm run scully -- --scanRoutes"----------------------------------No configuration for route "/project/:projectId" found. SkippingNo configuration for route "/event-detail/:eventId" found. SkippingNo configuration for route "/blog/:blogId" found. Skipping







      =====================================================================================================
      Config file ".\scully.kumar-world-frontend.config.ts" not found, only rendering routes without parameters
      The config file should have a name that is formated as:
          scully.<projectName>.config.ts
      where <projectName> is the name of the project as defined in the 'angular.json' file
      If you meant to build a different project as kumar-world-frontend you can use:
          --project differentProjectName as a cmd line option

      When you are in a mixed mono-repo you might need to use the --pjFirst flag.
       which will look for package.json instead of angular.json to find the 'root' of the project.
    =====================================================================================================
The option outDir isn't configured, using default folder ".\dist\static\". Deprication Notice:
       ======================================================================
         From now on, the plugin that is being used to render a route is
         able to be changed by the user. You can do this by adding or
         enabling the plugin in the scully.json file. For your convenience,
         we loaded the Puppeteer plugin for you.

         To disable this warning enable the plugin of your choice.
         for Puppteer please add:
             import '@scullyio/scully-plugin-puppeteer';
          to your scully.kumar-world-frontend.config.ts file.

          When you get this warning while not using scully-plugin-puppeteer
          you need to set the defaultRouteRenderer to the name of your plugin.
          The defaultRouteRenderer is now set to 'routeRenderer'.
       ======================================================================No routes defined in ""



----------------------------------   To discover new routes in the angular app use "npm run scully -- --scanRoutes"----------------------------------Using stored unhandled routes!.No configuration for route "/project/:projectId" found. SkippingNo configuration for route "/event-detail/:eventId" found. SkippingNo configuration for route "/blog/:blogId" found. Skipping







      =====================================================================================================
      Config file ".\scully.kumar-world-frontend.config.ts" not found, only rendering routes without parameters
      The config file should have a name that is formated as:
          scully.<projectName>.config.ts
      where <projectName> is the name of the project as defined in the 'angular.json' file
      If you meant to build a different project as kumar-world-frontend you can use:
          --project differentProjectName as a cmd line option

      When you are in a mixed mono-repo you might need to use the --pjFirst flag.
       which will look for package.json instead of angular.json to find the 'root' of the project.
    =====================================================================================================
The option outDir isn't configured, using default folder ".\dist\static\".No routes defined in "" Deprication Notice:
       ======================================================================
         From now on, the plugin that is being used to render a route is
         able to be changed by the user. You can do this by adding or
         enabling the plugin in the scully.json file. For your convenience,
         we loaded the Puppeteer plugin for you.

         To disable this warning enable the plugin of your choice.
         for Puppteer please add:
             import '@scullyio/scully-plugin-puppeteer';
          to your scully.kumar-world-frontend.config.ts file.

          When you get this warning while not using scully-plugin-puppeteer
          you need to set the defaultRouteRenderer to the name of your plugin.
          The defaultRouteRenderer is now set to 'routeRenderer'.
       ======================================================================



----------------------------------   To discover new routes in the angular app use "npm run scully -- --scanRoutes"Using stored unhandled routes!.----------------------------------No configuration for route "/project/:projectId" found. SkippingNo configuration for route "/event-detail/:eventId" found. SkippingNo configuration for route "/blog/:blogId" found. Skipping






The option outDir isn't configured, using default folder ".\dist\static\". Deprication Notice:
       ======================================================================
         From now on, the plugin that is being used to render a route is
         able to be changed by the user. You can do this by adding or
         enabling the plugin in the scully.json file. For your convenience,
         we loaded the Puppeteer plugin for you.

         To disable this warning enable the plugin of your choice.
         for Puppteer please add:
             import '@scullyio/scully-plugin-puppeteer';
          to your scully.kumar-world-frontend.config.ts file.

          When you get this warning while not using scully-plugin-puppeteer
          you need to set the defaultRouteRenderer to the name of your plugin.
          The defaultRouteRenderer is now set to 'routeRenderer'.
       ======================================================================No routes defined in ""
      =====================================================================================================
      Config file ".\scully.kumar-world-frontend.config.ts" not found, only rendering routes without parameters
      The config file should have a name that is formated as:
          scully.<projectName>.config.ts
      where <projectName> is the name of the project as defined in the 'angular.json' file
      If you meant to build a different project as kumar-world-frontend you can use:
          --project differentProjectName as a cmd line option

      When you are in a mixed mono-repo you might need to use the --pjFirst flag.
       which will look for package.json instead of angular.json to find the 'root' of the project.
    =====================================================================================================




----------------------------------   To discover new routes in the angular app use "npm run scully -- --scanRoutes"----------------------------------No configuration for route "/project/:projectId" found. SkippingNo configuration for route "/event-detail/:eventId" found. SkippingNo configuration for route "/blog/:blogId" found. SkippingUsing stored unhandled routes!.







      =====================================================================================================
      Config file ".\scully.kumar-world-frontend.config.ts" not found, only rendering routes without parameters
      The config file should have a name that is formated as:
          scully.<projectName>.config.ts
      where <projectName> is the name of the project as defined in the 'angular.json' file
      If you meant to build a different project as kumar-world-frontend you can use:
          --project differentProjectName as a cmd line option

      When you are in a mixed mono-repo you might need to use the --pjFirst flag.
       which will look for package.json instead of angular.json to find the 'root' of the project.
    =====================================================================================================
The option outDir isn't configured, using default folder ".\dist\static\". Deprication Notice:
       ======================================================================
         From now on, the plugin that is being used to render a route is
         able to be changed by the user. You can do this by adding or
         enabling the plugin in the scully.json file. For your convenience,
         we loaded the Puppeteer plugin for you.

         To disable this warning enable the plugin of your choice.
         for Puppteer please add:
             import '@scullyio/scully-plugin-puppeteer';
          to your scully.kumar-world-frontend.config.ts file.

          When you get this warning while not using scully-plugin-puppeteer
          you need to set the defaultRouteRenderer to the name of your plugin.
          The defaultRouteRenderer is now set to 'routeRenderer'.
       ======================================================================No routes defined in ""



----------------------------------Using stored unhandled routes!.   To discover new routes in the angular app use "npm run scully -- --scanRoutes"----------------------------------No configuration for route "/project/:projectId" found. SkippingNo configuration for route "/event-detail/:eventId" found. SkippingNo configuration for route "/blog/:blogId" found. Skipping







      =====================================================================================================
      Config file ".\scully.kumar-world-frontend.config.ts" not found, only rendering routes without parameters
      The config file should have a name that is formated as:
          scully.<projectName>.config.ts
      where <projectName> is the name of the project as defined in the 'angular.json' file
      If you meant to build a different project as kumar-world-frontend you can use:
          --project differentProjectName as a cmd line option

      When you are in a mixed mono-repo you might need to use the --pjFirst flag.
       which will look for package.json instead of angular.json to find the 'root' of the project.
    =====================================================================================================
 Deprication Notice:
       ======================================================================
         From now on, the plugin that is being used to render a route is
         able to be changed by the user. You can do this by adding or
         enabling the plugin in the scully.json file. For your convenience,
         we loaded the Puppeteer plugin for you.

         To disable this warning enable the plugin of your choice.
         for Puppteer please add:
             import '@scullyio/scully-plugin-puppeteer';
          to your scully.kumar-world-frontend.config.ts file.

          When you get this warning while not using scully-plugin-puppeteer
          you need to set the defaultRouteRenderer to the name of your plugin.
          The defaultRouteRenderer is now set to 'routeRenderer'.
       ======================================================================The option outDir isn't configured, using default folder ".\dist\static\".No routes defined in ""



----------------------------------   To discover new routes in the angular app use "npm run scully -- --scanRoutes"----------------------------------No configuration for route "/project/:projectId" found. SkippingNo configuration for route "/event-detail/:eventId" found. SkippingNo configuration for route "/blog/:blogId" found. SkippingUsing stored unhandled routes!.







      =====================================================================================================
      Config file ".\scully.kumar-world-frontend.config.ts" not found, only rendering routes without parameters
      The config file should have a name that is formated as:
          scully.<projectName>.config.ts
      where <projectName> is the name of the project as defined in the 'angular.json' file
      If you meant to build a different project as kumar-world-frontend you can use:
          --project differentProjectName as a cmd line option

      When you are in a mixed mono-repo you might need to use the --pjFirst flag.
       which will look for package.json instead of angular.json to find the 'root' of the project.
    =====================================================================================================
The option outDir isn't configured, using default folder ".\dist\static\".No routes defined in "" Deprication Notice:
       ======================================================================
         From now on, the plugin that is being used to render a route is
         able to be changed by the user. You can do this by adding or
         enabling the plugin in the scully.json file. For your convenience,
         we loaded the Puppeteer plugin for you.

         To disable this warning enable the plugin of your choice.
         for Puppteer please add:
             import '@scullyio/scully-plugin-puppeteer';
          to your scully.kumar-world-frontend.config.ts file.

          When you get this warning while not using scully-plugin-puppeteer
          you need to set the defaultRouteRenderer to the name of your plugin.
          The defaultRouteRenderer is now set to 'routeRenderer'.
       ======================================================================



----------------------------------   To discover new routes in the angular app use "npm run scully -- --scanRoutes"No configuration for route "/event-detail/:eventId" found. SkippingNo configuration for route "/blog/:blogId" found. Skipping----------------------------------Using stored unhandled routes!.No configuration for route "/project/:projectId" found. Skipping







      =====================================================================================================
      Config file ".\scully.kumar-world-frontend.config.ts" not found, only rendering routes without parameters
      The config file should have a name that is formated as:
          scully.<projectName>.config.ts
      where <projectName> is the name of the project as defined in the 'angular.json' file
      If you meant to build a different project as kumar-world-frontend you can use:
          --project differentProjectName as a cmd line option

      When you are in a mixed mono-repo you might need to use the --pjFirst flag.
       which will look for package.json instead of angular.json to find the 'root' of the project.
    =====================================================================================================
The option outDir isn't configured, using default folder ".\dist\static\".No routes defined in "" Deprication Notice:
       ======================================================================
         From now on, the plugin that is being used to render a route is
         able to be changed by the user. You can do this by adding or
         enabling the plugin in the scully.json file. For your convenience,
         we loaded the Puppeteer plugin for you.

         To disable this warning enable the plugin of your choice.
         for Puppteer please add:
             import '@scullyio/scully-plugin-puppeteer';
          to your scully.kumar-world-frontend.config.ts file.

          When you get this warning while not using scully-plugin-puppeteer
          you need to set the defaultRouteRenderer to the name of your plugin.
          The defaultRouteRenderer is now set to 'routeRenderer'.
       ======================================================================



Using stored unhandled routes!.----------------------------------   To discover new routes in the angular app use "npm run scully -- --scanRoutes"----------------------------------No configuration for route "/blog/:blogId" found. SkippingNo configuration for route "/event-detail/:eventId" found. SkippingNo configuration for route "/project/:projectId" found. Skipping






